<?xml version="1.0" encoding="utf-8"?><testsuites name="pytest tests"><testsuite name="pytest" errors="0" failures="0" skipped="0" tests="8" time="1.538" timestamp="2026-06-04T17:50:35.525971+00:00" hostname="agent-env-c5e72cd4-620d-4b02-9ba3-31e68ee2aad1"><testcase classname="backend.tests.test_fitai.TestHealth" name="test_health" time="0.184" /><testcase classname="backend.tests.test_fitai.TestMotivation" name="test_motivation_default" time="0.370" /><testcase classname="backend.tests.test_fitai.TestMotivation" name="test_motivation_with_params" time="0.182" /><testcase classname="backend.tests.test_fitai.TestChat" name="test_chat_basic" time="0.199" /><testcase classname="backend.tests.test_fitai.TestChat" name="test_chat_history" time="0.116" /><testcase classname="backend.tests.test_fitai.TestUserProfile" name="test_save_profile" time="0.158" /><testcase classname="backend.tests.test_fitai.TestUserProfile" name="test_get_profile" time="0.147" /><testcase classname="backend.tests.test_fitai.TestUserProfile" name="test_get_nonexistent_profile" time="0.104" /></testsuite></testsuites>